c:\users\olof.olofdom\source\repos\aff4\aff4-cpp-lite\win32\raptor2\arm\debug\vc120.pdb
c:\users\olof.olofdom\source\repos\aff4\aff4-cpp-lite\win32\raptor2\arm\debug\vc120.idb
c:\users\olof.olofdom\source\repos\aff4\aff4-cpp-lite\win32\raptor2\arm\debug\raptor_serialize.obj
c:\users\olof.olofdom\source\repos\aff4\aff4-cpp-lite\win32\raptor2\arm\debug\raptor_serialize_ntriples.obj
c:\users\olof.olofdom\source\repos\aff4\aff4-cpp-lite\win32\raptor2\arm\debug\raptor_serialize_turtle.obj
c:\users\olof.olofdom\source\repos\aff4\aff4-cpp-lite\win32\raptor2\arm\debug\raptor_set.obj
c:\users\olof.olofdom\source\repos\aff4\aff4-cpp-lite\win32\raptor2\arm\debug\raptor_statement.obj
c:\users\olof.olofdom\source\repos\aff4\aff4-cpp-lite\win32\raptor2\arm\debug\raptor_stringbuffer.obj
c:\users\olof.olofdom\source\repos\aff4\aff4-cpp-lite\win32\raptor2\arm\debug\raptor_syntax_description.obj
c:\users\olof.olofdom\source\repos\aff4\aff4-cpp-lite\win32\raptor2\arm\debug\raptor_term.obj
c:\users\olof.olofdom\source\repos\aff4\aff4-cpp-lite\win32\raptor2\arm\debug\raptor_turtle_writer.obj
c:\users\olof.olofdom\source\repos\aff4\aff4-cpp-lite\win32\raptor2\arm\debug\raptor_unicode.obj
c:\users\olof.olofdom\source\repos\aff4\aff4-cpp-lite\win32\raptor2\arm\debug\raptor_uri.obj
c:\users\olof.olofdom\source\repos\aff4\aff4-cpp-lite\win32\raptor2\arm\debug\raptor_win32.obj
c:\users\olof.olofdom\source\repos\aff4\aff4-cpp-lite\win32\raptor2\arm\debug\raptor_www.obj
c:\users\olof.olofdom\source\repos\aff4\aff4-cpp-lite\win32\raptor2\arm\debug\raptor_xml.obj
c:\users\olof.olofdom\source\repos\aff4\aff4-cpp-lite\win32\raptor2\arm\debug\raptor_xml_writer.obj
c:\users\olof.olofdom\source\repos\aff4\aff4-cpp-lite\win32\raptor2\arm\debug\snprintf.obj
c:\users\olof.olofdom\source\repos\aff4\aff4-cpp-lite\win32\raptor2\arm\debug\sort_r.obj
c:\users\olof.olofdom\source\repos\aff4\aff4-cpp-lite\win32\raptor2\arm\debug\turtle_common.obj
c:\users\olof.olofdom\source\repos\aff4\aff4-cpp-lite\win32\raptor2\arm\debug\turtle_lexer.obj
c:\users\olof.olofdom\source\repos\aff4\aff4-cpp-lite\win32\raptor2\arm\debug\turtle_parser.obj
c:\users\olof.olofdom\source\repos\aff4\aff4-cpp-lite\win32\raptor2\arm\debug\parsedate.obj
c:\users\olof.olofdom\source\repos\aff4\aff4-cpp-lite\win32\raptor2\arm\debug\raptor_abbrev.obj
c:\users\olof.olofdom\source\repos\aff4\aff4-cpp-lite\win32\raptor2\arm\debug\raptor_avltree.obj
c:\users\olof.olofdom\source\repos\aff4\aff4-cpp-lite\win32\raptor2\arm\debug\raptor_concepts.obj
c:\users\olof.olofdom\source\repos\aff4\aff4-cpp-lite\win32\raptor2\arm\debug\raptor_escaped.obj
c:\users\olof.olofdom\source\repos\aff4\aff4-cpp-lite\win32\raptor2\arm\debug\raptor_general.obj
c:\users\olof.olofdom\source\repos\aff4\aff4-cpp-lite\win32\raptor2\arm\debug\raptor_guess.obj
c:\users\olof.olofdom\source\repos\aff4\aff4-cpp-lite\win32\raptor2\arm\debug\raptor_iostream.obj
c:\users\olof.olofdom\source\repos\aff4\aff4-cpp-lite\win32\raptor2\arm\debug\raptor_locator.obj
c:\users\olof.olofdom\source\repos\aff4\aff4-cpp-lite\win32\raptor2\arm\debug\raptor_log.obj
c:\users\olof.olofdom\source\repos\aff4\aff4-cpp-lite\win32\raptor2\arm\debug\raptor_memstr.obj
c:\users\olof.olofdom\source\repos\aff4\aff4-cpp-lite\win32\raptor2\arm\debug\raptor_namespace.obj
c:\users\olof.olofdom\source\repos\aff4\aff4-cpp-lite\win32\raptor2\arm\debug\raptor_ntriples.obj
c:\users\olof.olofdom\source\repos\aff4\aff4-cpp-lite\win32\raptor2\arm\debug\raptor_option.obj
c:\users\olof.olofdom\source\repos\aff4\aff4-cpp-lite\win32\raptor2\arm\debug\raptor_parse.obj
c:\users\olof.olofdom\source\repos\aff4\aff4-cpp-lite\win32\raptor2\arm\debug\raptor_permute_test.obj
c:\users\olof.olofdom\source\repos\aff4\aff4-cpp-lite\win32\raptor2\arm\debug\raptor_qname.obj
c:\users\olof.olofdom\source\repos\aff4\aff4-cpp-lite\win32\raptor2\arm\debug\raptor_rfc2396.obj
c:\users\olof.olofdom\source\repos\aff4\aff4-cpp-lite\win32\raptor2\arm\debug\raptor_sax2.obj
c:\users\olof.olofdom\source\repos\aff4\aff4-cpp-lite\win32\raptor2\arm\debug\raptor_sequence.obj
c:\users\olof.olofdom\source\repos\aff4\aff4-cpp-lite\win32\raptor2\arm\debug\ntriples_parse.obj
c:\users\olof.olofdom\source\repos\aff4\aff4-cpp-lite\win32\arm\debug\raptor2.ilk
c:\users\olof.olofdom\source\repos\aff4\aff4-cpp-lite\win32\arm\debug\raptor2.dll
c:\users\olof.olofdom\source\repos\aff4\aff4-cpp-lite\win32\arm\debug\raptor2.pdb
c:\users\olof.olofdom\source\repos\aff4\aff4-cpp-lite\win32\arm\debug\raptor2.lib
c:\users\olof.olofdom\source\repos\aff4\aff4-cpp-lite\win32\arm\debug\raptor2.exp
c:\users\olof.olofdom\source\repos\aff4\aff4-cpp-lite\win32\raptor2\arm\debug\raptor2.res
c:\users\olof.olofdom\source\repos\aff4\aff4-cpp-lite\win32\raptor2\arm\debug\raptor2.tlog\cl.command.1.tlog
c:\users\olof.olofdom\source\repos\aff4\aff4-cpp-lite\win32\raptor2\arm\debug\raptor2.tlog\cl.read.1.tlog
c:\users\olof.olofdom\source\repos\aff4\aff4-cpp-lite\win32\raptor2\arm\debug\raptor2.tlog\cl.write.1.tlog
c:\users\olof.olofdom\source\repos\aff4\aff4-cpp-lite\win32\raptor2\arm\debug\raptor2.tlog\link.command.1.tlog
c:\users\olof.olofdom\source\repos\aff4\aff4-cpp-lite\win32\raptor2\arm\debug\raptor2.tlog\link.read.1.tlog
c:\users\olof.olofdom\source\repos\aff4\aff4-cpp-lite\win32\raptor2\arm\debug\raptor2.tlog\link.write.1.tlog
c:\users\olof.olofdom\source\repos\aff4\aff4-cpp-lite\win32\raptor2\arm\debug\raptor2.tlog\raptor2.write.1u.tlog
c:\users\olof.olofdom\source\repos\aff4\aff4-cpp-lite\win32\raptor2\arm\debug\raptor2.tlog\rc.command.1.tlog
c:\users\olof.olofdom\source\repos\aff4\aff4-cpp-lite\win32\raptor2\arm\debug\raptor2.tlog\rc.read.1.tlog
c:\users\olof.olofdom\source\repos\aff4\aff4-cpp-lite\win32\raptor2\arm\debug\raptor2.tlog\rc.write.1.tlog
