  ntriples_parse.c
  parsedate.c
  raptor_abbrev.c
  raptor_avltree.c
  raptor_concepts.c
  raptor_escaped.c
  raptor_general.c
  raptor_guess.c
  raptor_iostream.c
  raptor_locator.c
  raptor_log.c
  raptor_memstr.c
  raptor_namespace.c
  raptor_ntriples.c
  raptor_option.c
  raptor_parse.c
  raptor_permute_test.c
  raptor_qname.c
  raptor_rfc2396.c
  raptor_sax2.c
  Compiling...
  raptor_sequence.c
  raptor_serialize.c
  raptor_serialize_ntriples.c
  raptor_serialize_turtle.c
  raptor_set.c
  raptor_statement.c
  raptor_stringbuffer.c
  raptor_syntax_description.c
  raptor_term.c
  raptor_turtle_writer.c
  raptor_unicode.c
  raptor_uri.c
  raptor_win32.c
  raptor_www.c
  raptor_xml.c
  raptor_xml_writer.c
  snprintf.c
  sort_r.c
  turtle_common.c
  turtle_lexer.c
  Compiling...
  turtle_parser.c
     Creating library C:\Users\olof.OLOFDOM\Source\Repos\aff4\aff4-cpp-lite\win32\ARM64\Release\raptor2.lib and object C:\Users\olof.OLOFDOM\Source\Repos\aff4\aff4-cpp-lite\win32\ARM64\Release\raptor2.exp
  Generating code
  Finished generating code
  raptor2.vcxproj -> C:\Users\olof.OLOFDOM\Source\Repos\aff4\aff4-cpp-lite\win32\ARM64\Release\raptor2.dll
