c:\users\olof.olofdom\source\repos\aff4\aff4-cpp-lite\win32\libaff4\arm\debug\vc120.pdb
c:\users\olof.olofdom\source\repos\aff4\aff4-cpp-lite\win32\libaff4\arm\debug\vc120.idb
c:\users\olof.olofdom\source\repos\aff4\aff4-cpp-lite\win32\libaff4\arm\debug\aff4zipcontainer.obj
c:\users\olof.olofdom\source\repos\aff4\aff4-cpp-lite\win32\libaff4\arm\debug\aff4image.obj
c:\users\olof.olofdom\source\repos\aff4\aff4-cpp-lite\win32\libaff4\arm\debug\aff4map.obj
c:\users\olof.olofdom\source\repos\aff4\aff4-cpp-lite\win32\libaff4\arm\debug\rdfvalue.obj
c:\users\olof.olofdom\source\repos\aff4\aff4-cpp-lite\win32\libaff4\arm\debug\model.obj
c:\users\olof.olofdom\source\repos\aff4\aff4-cpp-lite\win32\libaff4\arm\debug\lightresolver.obj
c:\users\olof.olofdom\source\repos\aff4\aff4-cpp-lite\win32\libaff4\arm\debug\aff4resource.obj
c:\users\olof.olofdom\source\repos\aff4\aff4-cpp-lite\win32\libaff4\arm\debug\imagestream.obj
c:\users\olof.olofdom\source\repos\aff4\aff4-cpp-lite\win32\libaff4\arm\debug\imagestreamfactory.obj
c:\users\olof.olofdom\source\repos\aff4\aff4-cpp-lite\win32\libaff4\arm\debug\mapstream.obj
c:\users\olof.olofdom\source\repos\aff4\aff4-cpp-lite\win32\libaff4\arm\debug\repeatedimagestream.obj
c:\users\olof.olofdom\source\repos\aff4\aff4-cpp-lite\win32\libaff4\arm\debug\bevvyindex.obj
c:\users\olof.olofdom\source\repos\aff4\aff4-cpp-lite\win32\libaff4\arm\debug\bevvyindexloader.obj
c:\users\olof.olofdom\source\repos\aff4\aff4-cpp-lite\win32\libaff4\arm\debug\chunkloader.obj
c:\users\olof.olofdom\source\repos\aff4\aff4-cpp-lite\win32\libaff4\arm\debug\symbolicimagestream.obj
c:\users\olof.olofdom\source\repos\aff4\aff4-cpp-lite\win32\libaff4\arm\debug\stringutil.obj
c:\users\olof.olofdom\source\repos\aff4\aff4-cpp-lite\win32\libaff4\arm\debug\zip.obj
c:\users\olof.olofdom\source\repos\aff4\aff4-cpp-lite\win32\libaff4\arm\debug\zipstream.obj
c:\users\olof.olofdom\source\repos\aff4\aff4-cpp-lite\win32\libaff4\arm\debug\dllmain.obj
c:\users\olof.olofdom\source\repos\aff4\aff4-cpp-lite\win32\libaff4\arm\debug\stdafx.obj
c:\users\olof.olofdom\source\repos\aff4\aff4-cpp-lite\win32\libaff4\arm\debug\aff4-c.obj
c:\users\olof.olofdom\source\repos\aff4\aff4-cpp-lite\win32\libaff4\arm\debug\aff4.obj
c:\users\olof.olofdom\source\repos\aff4\aff4-cpp-lite\win32\libaff4\arm\debug\aff4containers.obj
c:\users\olof.olofdom\source\repos\aff4\aff4-cpp-lite\win32\libaff4\arm\debug\aff4lexicon.obj
c:\users\olof.olofdom\source\repos\aff4\aff4-cpp-lite\win32\libaff4\arm\debug\compressioncodec.obj
c:\users\olof.olofdom\source\repos\aff4\aff4-cpp-lite\win32\libaff4\arm\debug\deflatecompression.obj
c:\users\olof.olofdom\source\repos\aff4\aff4-cpp-lite\win32\libaff4\arm\debug\lz4compression.obj
c:\users\olof.olofdom\source\repos\aff4\aff4-cpp-lite\win32\libaff4\arm\debug\nullcompression.obj
c:\users\olof.olofdom\source\repos\aff4\aff4-cpp-lite\win32\libaff4\arm\debug\snappycompression.obj
c:\users\olof.olofdom\source\repos\aff4\aff4-cpp-lite\win32\libaff4\arm\debug\lz4.obj
c:\users\olof.olofdom\source\repos\aff4\aff4-cpp-lite\win32\libaff4\arm\debug\lz4hc.obj
c:\users\olof.olofdom\source\repos\aff4\aff4-cpp-lite\win32\libaff4\arm\debug\lz4frame.obj
c:\users\olof.olofdom\source\repos\aff4\aff4-cpp-lite\win32\libaff4\arm\debug\xxhash.obj
c:\users\olof.olofdom\source\repos\aff4\aff4-cpp-lite\win32\arm\debug\libaff4.lib
c:\users\olof.olofdom\source\repos\aff4\aff4-cpp-lite\win32\arm\debug\libaff4.exp
c:\users\olof.olofdom\source\repos\aff4\aff4-cpp-lite\win32\arm\debug\libaff4.ilk
c:\users\olof.olofdom\source\repos\aff4\aff4-cpp-lite\win32\arm\debug\libaff4.dll
c:\users\olof.olofdom\source\repos\aff4\aff4-cpp-lite\win32\arm\debug\libaff4.pdb
c:\users\olof.olofdom\source\repos\aff4\aff4-cpp-lite\win32\libaff4\arm\debug\libaff4.res
c:\users\olof.olofdom\source\repos\aff4\aff4-cpp-lite\win32\libaff4\arm\debug\libaff4.tlog\cl.command.1.tlog
c:\users\olof.olofdom\source\repos\aff4\aff4-cpp-lite\win32\libaff4\arm\debug\libaff4.tlog\cl.read.1.tlog
c:\users\olof.olofdom\source\repos\aff4\aff4-cpp-lite\win32\libaff4\arm\debug\libaff4.tlog\cl.write.1.tlog
c:\users\olof.olofdom\source\repos\aff4\aff4-cpp-lite\win32\libaff4\arm\debug\libaff4.tlog\libaff4.write.1u.tlog
c:\users\olof.olofdom\source\repos\aff4\aff4-cpp-lite\win32\libaff4\arm\debug\libaff4.tlog\link.command.1.tlog
c:\users\olof.olofdom\source\repos\aff4\aff4-cpp-lite\win32\libaff4\arm\debug\libaff4.tlog\link.read.1.tlog
c:\users\olof.olofdom\source\repos\aff4\aff4-cpp-lite\win32\libaff4\arm\debug\libaff4.tlog\link.write.1.tlog
c:\users\olof.olofdom\source\repos\aff4\aff4-cpp-lite\win32\libaff4\arm\debug\libaff4.tlog\rc.command.1.tlog
c:\users\olof.olofdom\source\repos\aff4\aff4-cpp-lite\win32\libaff4\arm\debug\libaff4.tlog\rc.read.1.tlog
c:\users\olof.olofdom\source\repos\aff4\aff4-cpp-lite\win32\libaff4\arm\debug\libaff4.tlog\rc.write.1.tlog
