c:\users\olof.olofdom\source\repos\aff4\aff4-cpp-lite\win32\snappy\arm\debug\vc120.pdb
c:\users\olof.olofdom\source\repos\aff4\aff4-cpp-lite\win32\snappy\arm\debug\vc120.idb
c:\users\olof.olofdom\source\repos\aff4\aff4-cpp-lite\win32\snappy\arm\debug\snappy-c.obj
c:\users\olof.olofdom\source\repos\aff4\aff4-cpp-lite\win32\snappy\arm\debug\snappy-sinksource.obj
c:\users\olof.olofdom\source\repos\aff4\aff4-cpp-lite\win32\snappy\arm\debug\snappy-stubs-internal.obj
c:\users\olof.olofdom\source\repos\aff4\aff4-cpp-lite\win32\snappy\arm\debug\snappy.obj
c:\users\olof.olofdom\source\repos\aff4\aff4-cpp-lite\win32\arm\debug\snappy.ilk
c:\users\olof.olofdom\source\repos\aff4\aff4-cpp-lite\win32\arm\debug\snappy.dll
c:\users\olof.olofdom\source\repos\aff4\aff4-cpp-lite\win32\arm\debug\snappy.pdb
c:\users\olof.olofdom\source\repos\aff4\aff4-cpp-lite\win32\snappy\arm\debug\snappy.res
c:\users\olof.olofdom\source\repos\aff4\aff4-cpp-lite\win32\arm\debug\snappy.lib
c:\users\olof.olofdom\source\repos\aff4\aff4-cpp-lite\win32\arm\debug\snappy.exp
c:\users\olof.olofdom\source\repos\aff4\aff4-cpp-lite\win32\snappy\arm\debug\snappy.tlog\cl.command.1.tlog
c:\users\olof.olofdom\source\repos\aff4\aff4-cpp-lite\win32\snappy\arm\debug\snappy.tlog\cl.read.1.tlog
c:\users\olof.olofdom\source\repos\aff4\aff4-cpp-lite\win32\snappy\arm\debug\snappy.tlog\cl.write.1.tlog
c:\users\olof.olofdom\source\repos\aff4\aff4-cpp-lite\win32\snappy\arm\debug\snappy.tlog\link.command.1.tlog
c:\users\olof.olofdom\source\repos\aff4\aff4-cpp-lite\win32\snappy\arm\debug\snappy.tlog\link.read.1.tlog
c:\users\olof.olofdom\source\repos\aff4\aff4-cpp-lite\win32\snappy\arm\debug\snappy.tlog\link.write.1.tlog
c:\users\olof.olofdom\source\repos\aff4\aff4-cpp-lite\win32\snappy\arm\debug\snappy.tlog\rc.command.1.tlog
c:\users\olof.olofdom\source\repos\aff4\aff4-cpp-lite\win32\snappy\arm\debug\snappy.tlog\rc.read.1.tlog
c:\users\olof.olofdom\source\repos\aff4\aff4-cpp-lite\win32\snappy\arm\debug\snappy.tlog\rc.write.1.tlog
c:\users\olof.olofdom\source\repos\aff4\aff4-cpp-lite\win32\snappy\arm\debug\snappy.tlog\snappy.write.1u.tlog
