c:\users\olof.olofdom\source\repos\aff4\aff4-cpp-lite\win32\zlib\arm\debug\vc120.pdb
c:\users\olof.olofdom\source\repos\aff4\aff4-cpp-lite\win32\zlib\arm\debug\vc120.idb
c:\users\olof.olofdom\source\repos\aff4\aff4-cpp-lite\win32\zlib\arm\debug\adler32.obj
c:\users\olof.olofdom\source\repos\aff4\aff4-cpp-lite\win32\zlib\arm\debug\compress.obj
c:\users\olof.olofdom\source\repos\aff4\aff4-cpp-lite\win32\zlib\arm\debug\crc32.obj
c:\users\olof.olofdom\source\repos\aff4\aff4-cpp-lite\win32\zlib\arm\debug\deflate.obj
c:\users\olof.olofdom\source\repos\aff4\aff4-cpp-lite\win32\zlib\arm\debug\gzclose.obj
c:\users\olof.olofdom\source\repos\aff4\aff4-cpp-lite\win32\zlib\arm\debug\gzlib.obj
c:\users\olof.olofdom\source\repos\aff4\aff4-cpp-lite\win32\zlib\arm\debug\gzread.obj
c:\users\olof.olofdom\source\repos\aff4\aff4-cpp-lite\win32\zlib\arm\debug\gzwrite.obj
c:\users\olof.olofdom\source\repos\aff4\aff4-cpp-lite\win32\zlib\arm\debug\infback.obj
c:\users\olof.olofdom\source\repos\aff4\aff4-cpp-lite\win32\zlib\arm\debug\inffast.obj
c:\users\olof.olofdom\source\repos\aff4\aff4-cpp-lite\win32\zlib\arm\debug\inflate.obj
c:\users\olof.olofdom\source\repos\aff4\aff4-cpp-lite\win32\zlib\arm\debug\inftrees.obj
c:\users\olof.olofdom\source\repos\aff4\aff4-cpp-lite\win32\zlib\arm\debug\trees.obj
c:\users\olof.olofdom\source\repos\aff4\aff4-cpp-lite\win32\zlib\arm\debug\uncompr.obj
c:\users\olof.olofdom\source\repos\aff4\aff4-cpp-lite\win32\zlib\arm\debug\zutil.obj
c:\users\olof.olofdom\source\repos\aff4\aff4-cpp-lite\win32\arm\debug\zlib1.ilk
c:\users\olof.olofdom\source\repos\aff4\aff4-cpp-lite\win32\arm\debug\zlib1.dll
c:\users\olof.olofdom\source\repos\aff4\aff4-cpp-lite\win32\arm\debug\zlib1.pdb
c:\users\olof.olofdom\source\repos\aff4\aff4-cpp-lite\win32\zlib\arm\debug\zlib1.res
c:\users\olof.olofdom\source\repos\aff4\aff4-cpp-lite\win32\arm\debug\zlib1.lib
c:\users\olof.olofdom\source\repos\aff4\aff4-cpp-lite\win32\arm\debug\zlib1.exp
c:\users\olof.olofdom\source\repos\aff4\aff4-cpp-lite\win32\zlib\arm\debug\zlib.tlog\cl.command.1.tlog
c:\users\olof.olofdom\source\repos\aff4\aff4-cpp-lite\win32\zlib\arm\debug\zlib.tlog\cl.read.1.tlog
c:\users\olof.olofdom\source\repos\aff4\aff4-cpp-lite\win32\zlib\arm\debug\zlib.tlog\cl.write.1.tlog
c:\users\olof.olofdom\source\repos\aff4\aff4-cpp-lite\win32\zlib\arm\debug\zlib.tlog\link.command.1.tlog
c:\users\olof.olofdom\source\repos\aff4\aff4-cpp-lite\win32\zlib\arm\debug\zlib.tlog\link.read.1.tlog
c:\users\olof.olofdom\source\repos\aff4\aff4-cpp-lite\win32\zlib\arm\debug\zlib.tlog\link.write.1.tlog
c:\users\olof.olofdom\source\repos\aff4\aff4-cpp-lite\win32\zlib\arm\debug\zlib.tlog\rc.command.1.tlog
c:\users\olof.olofdom\source\repos\aff4\aff4-cpp-lite\win32\zlib\arm\debug\zlib.tlog\rc.read.1.tlog
c:\users\olof.olofdom\source\repos\aff4\aff4-cpp-lite\win32\zlib\arm\debug\zlib.tlog\rc.write.1.tlog
c:\users\olof.olofdom\source\repos\aff4\aff4-cpp-lite\win32\zlib\arm\debug\zlib.tlog\zlib.write.1u.tlog
